<?xml version="1.0" encoding="UTF-8" ?>
<testsuite tests="30" failures="0" name="com.xzymon.xpath_searcher.core.dom.DocumentNodeRepresentationArtificialStringifyTest" time="4.126" errors="0" skipped="0">
  <properties>
[...]
</properties>
  <testcase classname="com.xzymon.xpath_searcher.core.dom.DocumentNodeRepresentationArtificialStringifyTest" name="oneNodeEmptyHtmlLikeTreeWithComments" time="0.059"/>
  <testcase classname="com.xzymon.xpath_searcher.core.dom.DocumentNodeRepresentationArtificialStringifyTest" name="fixingOneFirstLevelSkippedOpeningTagSelfPolicy" time="0.053"/>
  <testcase classname="com.xzymon.xpath_searcher.core.dom.DocumentNodeRepresentationArtificialStringifyTest" name="fixingWrongParalellyOpenedAndClosedTagsDefaultRemovedPolicy" time="0.074"/>
  <testcase classname="com.xzymon.xpath_searcher.core.dom.DocumentNodeRepresentationArtificialStringifyTest" name="fixingManyFirstLevelSkippedOpeningTagsNextSamePolicy" time="0.974"/>
  <testcase classname="com.xzymon.xpath_searcher.core.dom.DocumentNodeRepresentationArtificialStringifyTest" name="fixingManyFirstLevelSkippedOpeningTagsSelfPolicy" time="0.77"/>
  <testcase classname="com.xzymon.xpath_searcher.core.dom.DocumentNodeRepresentationArtificialStringifyTest" name="fixingManyFirstLevelSkippedOpeningTagsDefaultPolicy" time="0.108"/>
  <testcase classname="com.xzymon.xpath_searcher.core.dom.DocumentNodeRepresentationArtificialStringifyTest" name="fixingManyFirstLevelOneNestedSkippedOpeningTagsSelfPolicy" time="0.007"/>
  <testcase classname="com.xzymon.xpath_searcher.core.dom.DocumentNodeRepresentationArtificialStringifyTest" name="treeWithNestedNamedTags" time="0.144"/>
  <testcase classname="com.xzymon.xpath_searcher.core.dom.DocumentNodeRepresentationArtificialStringifyTest" name="fixingOneFirstLevelSkippedOpeningTagNextSamePolicy" time="0.003"/>
  <testcase classname="com.xzymon.xpath_searcher.core.dom.DocumentNodeRepresentationArtificialStringifyTest" name="oneNodeEmptyXmlLikeTreeWithComments" time="0.001"/>
  <testcase classname="com.xzymon.xpath_searcher.core.dom.DocumentNodeRepresentationArtificialStringifyTest" name="fixingManyNestedSkippedOpeningTagsNextSamePolicy" time="0.154"/>
  <testcase classname="com.xzymon.xpath_searcher.core.dom.DocumentNodeRepresentationArtificialStringifyTest" name="oneNodeTreeWithNamelessTags" time="0.001"/>
  <testcase classname="com.xzymon.xpath_searcher.core.dom.DocumentNodeRepresentationArtificialStringifyTest" name="noTree" time="0"/>
  <testcase classname="com.xzymon.xpath_searcher.core.dom.DocumentNodeRepresentationArtificialStringifyTest" name="fixingOneFirstLevelSkippedOpeningTagDefaultPolicy" time="0.17"/>
  <testcase classname="com.xzymon.xpath_searcher.core.dom.DocumentNodeRepresentationArtificialStringifyTest" name="fixingWrongParalellyOpenedAndClosedTagsSelfRemovedPolicy" time="0.036"/>
  <testcase classname="com.xzymon.xpath_searcher.core.dom.DocumentNodeRepresentationArtificialStringifyTest" name="fixingWrongParalellyOpenedAndClosedTagsSelfDefaultPolicy" time="0.005"/>
  <testcase classname="com.xzymon.xpath_searcher.core.dom.DocumentNodeRepresentationArtificialStringifyTest" name="fixingManyNestedSkippedOpeningTagsDefaultPolicy" time="0.124"/>
  <testcase classname="com.xzymon.xpath_searcher.core.dom.DocumentNodeRepresentationArtificialStringifyTest" name="fixingSkippedClosingTagsRemovedPolicy" time="0.623"/>
  <testcase classname="com.xzymon.xpath_searcher.core.dom.DocumentNodeRepresentationArtificialStringifyTest" name="fixingWrongParalellyOpenedAndClosedTagsDefaultPolicy" time="0.267"/>
  <testcase classname="com.xzymon.xpath_searcher.core.dom.DocumentNodeRepresentationArtificialStringifyTest" name="fixingManyNestedSkippedOpeningTagsSelfPolicy" time="0.149"/>
  <testcase classname="com.xzymon.xpath_searcher.core.dom.DocumentNodeRepresentationArtificialStringifyTest" name="fixingSkippedClosingTagsDefaultPolicy" time="0.05"/>
  <testcase classname="com.xzymon.xpath_searcher.core.dom.DocumentNodeRepresentationArtificialStringifyTest" name="fixingManyFirstLevelOneNestedSkippedOpeningTagsNextSamePolicy" time="0.041"/>
  <testcase classname="com.xzymon.xpath_searcher.core.dom.DocumentNodeRepresentationArtificialStringifyTest" name="treeWithEmptyNamedTags" time="0.001"/>
  <testcase classname="com.xzymon.xpath_searcher.core.dom.DocumentNodeRepresentationArtificialStringifyTest" name="fixingManyFirstLevelOneNestedSkippedOpeningTagsDefaultPolicy" time="0.132"/>
  <testcase classname="com.xzymon.xpath_searcher.core.dom.DocumentNodeRepresentationArtificialStringifyTest" name="oneNodeEmptyTree" time="0"/>
  <testcase classname="com.xzymon.xpath_searcher.core.dom.DocumentNodeRepresentationArtificialStringifyTest" name="oneNodeEmptyTreeWithComments" time="0"/>
  <testcase classname="com.xzymon.xpath_searcher.core.dom.DocumentNodeRepresentationArtificialStringifyTest" name="fixingOpeningTagsToBeNestedNextSameRemovedPolicy" time="0.001"/>
  <testcase classname="com.xzymon.xpath_searcher.core.dom.DocumentNodeRepresentationArtificialStringifyTest" name="fixingWrongParalellyOpenedAndClosedTagsNextSameRemovedPolicy" time="0.133"/>
  <testcase classname="com.xzymon.xpath_searcher.core.dom.DocumentNodeRepresentationArtificialStringifyTest" name="oneNodeEmptyTreeWithRawTags" time="0"/>
  <testcase classname="com.xzymon.xpath_searcher.core.dom.DocumentNodeRepresentationArtificialStringifyTest" name="fixingWrongParalellyOpenedAndClosedTagsNextSameDefaultPolicy" time="0.046"/>
</testsuite>